<?xml version="1.0" encoding="UTF-8"?>
<!-- Generated by org.testng.reporters.JUnitReportReporter -->
<testsuite hostname="VasanthiHemadri" failures="0" tests="1" name="HighBloodPressure" time="28.846" errors="0" timestamp="2023-04-24T15:00:14 EDT" skipped="0">
  <testcase classname="HighBloodPressure" name="highBloodPressure" time="28.846"/>
  <system-out/>
</testsuite> <!-- HighBloodPressure -->
