<?xml version="1.0" encoding="UTF-8"?>
<!-- Generated by org.testng.reporters.JUnitReportReporter -->
<testsuite hostname="VasanthiHemadri" failures="0" tests="3" name="HypoThyroidism" time="317.893" errors="0" timestamp="2023-04-24T16:59:01 EDT" skipped="0">
  <testcase classname="HypoThyroidism" name="eliminationFilter" time="60.530"/>
  <system-out/>
  <testcase classname="HypoThyroidism" name="allergyFilter" time="130.722"/>
  <system-out/>
  <testcase classname="HypoThyroidism" name="addonFilter" time="126.641"/>
  <system-out/>
</testsuite> <!-- HypoThyroidism -->
